<?xml version="1.0" encoding="UTF-8"?>
<!-- Generated by org.testng.reporters.JUnitReportReporter -->
<testsuite hostname="LAPTOP-54CIPACA" failures="0" tests="1" name="RestAPIEtoE.APIENDTESTCASE" time="2.052" errors="0" timestamp="13 Aug 2023 17:15:27 GMT" skipped="0">
  <testcase classname="RestAPIEtoE.APIENDTESTCASE" name="AllTests" time="2.052"/>
</testsuite> <!-- RestAPIEtoE.APIENDTESTCASE -->
