<?xml version="1.0" encoding="UTF-8"?>
<!-- Generated by org.testng.reporters.JUnitReportReporter -->
<testsuite hostname="LAPTOP-54CIPACA" failures="0" tests="1" name="RestAPIEtoE.GETRequest" time="1.775" errors="0" timestamp="29 Jul 2023 09:35:19 GMT" skipped="0">
  <testcase classname="RestAPIEtoE.GETRequest" name="test1" time="1.775"/>
</testsuite> <!-- RestAPIEtoE.GETRequest -->
